<?xml version="1.0" encoding="UTF-8"?>
<!-- Generated by org.testng.reporters.JUnitXMLReporter -->
<testsuite ignored="0" hostname="IDMAC008s-MacBook-Pro.local" failures="1" tests="2" name="Test Suite" time="85.788" errors="0" timestamp="01 Mar 2021 07:51:33 GMT">
  <testcase classname="android.ninetynine.auth.C1258_LoginVerUser" name="C1258_Login_VerUser" time="36.665"/>
  <testcase classname="android.ninetynine.auth.C1259_LoginUnverUser" name="C1259_Login_UnverUser" time="13.129">
    <failure type="java.lang.AssertionError" message="Object not found step failed">
      <![CDATA[java.lang.AssertionError: Object not found step failed
	at android.ninetynine.util.GeneralUtilities.verifyelemen(GeneralUtilities.java:51)
	at android.ninetynine.util.GeneralUtilities.click(GeneralUtilities.java:60)
	at android.ninetynine.pageobjects.Login.Click_MeLogin(Login.java:116)
	at android.ninetynine.auth.C1259_LoginUnverUser.C1259_Login_UnverUser(C1259_LoginUnverUser.java:49)
... Removed 26 stack frames]]>
    </failure>
  </testcase> <!-- C1259_Login_UnverUser -->
</testsuite> <!-- Test Suite -->
